<?xml version="1.0" encoding="UTF-8"?>
<!-- Generated by org.testng.reporters.JUnitReportReporter -->
<testsuite hostname="QAAutomation" failures="0" tests="1" name="Project.tc" time="9631.345" errors="0" timestamp="2024-12-24T13:42:21 IST" skipped="0">
  <testcase classname="Project.tc" name="Capture" time="9631.345"/>
</testsuite> <!-- Project.tc -->
